Build started 5/15/2015 3:19:35 PM.
     1>Project "C:\Users\Hibert\Desktop\CSC progs\warm_up_002\warm_up_002\warm_up_002.vcxproj" on node 2 (Build target(s)).
     1>ClCompile:
         C:\Program Files (x86)\Microsoft Visual Studio 12.0\VC\bin\CL.exe /c /ZI /nologo /W3 /WX- /sdl /Od /Oy- /D WIN32 /D _DEBUG /D _CONSOLE /D _LIB /D _UNICODE /D UNICODE /Gm /EHsc /RTC1 /MDd /GS /fp:precise /Zc:wchar_t /Zc:forScope /Fo"Debug\\" /Fd"Debug\vc120.pdb" /Gd /TP /analyze- /errorReport:prompt exercise_1.cpp
         exercise_1.cpp
     1>c:\users\hibert\desktop\csc progs\warm_up_002\warm_up_002\exercise_1.cpp(36): fatal error C1071: unexpected end of file found in comment
     1>Done Building Project "C:\Users\Hibert\Desktop\CSC progs\warm_up_002\warm_up_002\warm_up_002.vcxproj" (Build target(s)) -- FAILED.

Build FAILED.

Time Elapsed 00:00:00.28
